\BOOKMARK [1][-]{section.1}{\376\377\004\046\004\065\004\073\004\114\000\040\004\100\004\060\004\061\004\076\004\102\004\113}{}% 1
\BOOKMARK [1][-]{section.2}{\376\377\004\036\004\077\004\070\004\101\004\060\004\075\004\070\004\065\000\040\004\067\004\060\004\064\004\060\004\107\004\070}{}% 2
\BOOKMARK [2][-]{subsection.2.1}{\376\377\004\044\004\076\004\100\004\074\004\060\004\073\004\114\004\075\004\060\004\117\000\040\004\077\004\076\004\101\004\102\004\060\004\075\004\076\004\062\004\072\004\060\000\040\004\067\004\060\004\064\004\060\004\107\004\070}{section.2}% 3
\BOOKMARK [2][-]{subsection.2.2}{\376\377\004\040\004\065\004\060\004\073\004\070\004\067\004\103\004\065\004\074\004\113\004\065\000\040\004\060\004\073\004\063\004\076\004\100\004\070\004\102\004\074\004\113}{section.2}% 4
\BOOKMARK [2][-]{subsection.2.3}{\376\377\004\034\004\065\004\102\004\100\004\070\004\072\004\070\000\040\004\072\004\060\004\107\004\065\004\101\004\102\004\062\004\060}{section.2}% 5
\BOOKMARK [1][-]{section.3}{\376\377\004\041\004\077\004\065\004\106\004\070\004\104\004\070\004\072\004\060\004\106\004\070\004\117\000\040\004\077\004\100\004\076\004\063\004\100\004\060\004\074\004\074\004\113}{}% 6
\BOOKMARK [2][-]{subsection.3.1}{\376\377\004\022\004\105\004\076\004\064\004\075\004\113\004\065\000\040\004\064\004\060\004\075\004\075\004\113\004\065}{section.3}% 7
\BOOKMARK [2][-]{subsection.3.2}{\376\377\004\022\004\113\004\105\004\076\004\064\004\075\004\113\004\065\000\040\004\064\004\060\004\075\004\075\004\113\004\065}{section.3}% 8
\BOOKMARK [1][-]{section.4}{\376\377\004\042\004\065\004\076\004\100\004\065\004\102\004\070\004\107\004\065\004\101\004\072\004\060\004\117\000\040\004\107\004\060\004\101\004\102\004\114}{}% 9
\BOOKMARK [2][-]{subsection.4.1}{\376\377\000C\000U\000R\000E\000\040\000\050\000C\000l\000u\000s\000t\000e\000r\000i\000n\000g\000\040\000U\000s\000i\000n\000g\000\040\000R\000e\000p\000r\000e\000s\000e\000n\000t\000a\000t\000i\000v\000e\000s\000\051}{section.4}% 10
\BOOKMARK [2][-]{subsection.4.2}{\376\377\000S\000i\000n\000g\000l\000e\000\040\000L\000i\000n\000k\000a\000g\000e}{section.4}% 11
\BOOKMARK [2][-]{subsection.4.3}{\376\377\000M\000a\000x\000M\000i\000n\000\040\000D\000i\000s\000t\000a\000n\000c\000e}{section.4}% 12
\BOOKMARK [2][-]{subsection.4.4}{\376\377\000I\000S\000O\000D\000A\000T\000A}{section.4}% 13
\BOOKMARK [2][-]{subsection.4.5}{\376\377\000F\000O\000R\000E\000L}{section.4}% 14
\BOOKMARK [1][-]{section.5}{\376\377\004\020\004\075\004\060\004\073\004\070\004\067\000\040\004\100\004\065\004\067\004\103\004\073\004\114\004\102\004\060\004\102\004\076\004\062}{}% 15
\BOOKMARK [2][-]{subsection.5.1}{\376\377\004\035\004\060\004\101\004\102\004\100\004\076\004\071\004\072\004\070\000\040\004\115\004\072\004\101\004\077\004\065\004\100\004\070\004\074\004\065\004\075\004\102\004\060}{section.5}% 16
\BOOKMARK [2][-]{subsection.5.2}{\376\377\004\022\004\070\004\067\004\103\004\060\004\073\004\114\004\075\004\113\004\071\000\040\004\060\004\075\004\060\004\073\004\070\004\067\000\040\004\072\004\073\004\060\004\101\004\102\004\065\004\100\004\070\004\067\004\060\004\106\004\070\004\070}{section.5}% 17
\BOOKMARK [2][-]{subsection.5.3}{\376\377\004\032\004\076\004\073\004\070\004\107\004\065\004\101\004\102\004\062\004\065\004\075\004\075\004\113\004\071\000\040\004\060\004\075\004\060\004\073\004\070\004\067}{section.5}% 18
\BOOKMARK [2][-]{subsection.5.4}{\376\377\004\030\004\102\004\076\004\063\004\076\004\062\004\113\004\071\000\040\004\077\004\060\004\071\004\077\004\073\004\060\004\071\004\075}{section.5}% 19
\BOOKMARK [1][-]{section.6}{\376\377\004\021\004\073\004\076\004\072\000-\004\101\004\105\004\065\004\074\004\060\000\040\004\077\004\100\004\076\004\063\004\100\004\060\004\074\004\074\004\113}{}% 20
\BOOKMARK [1][-]{section.7}{\376\377\004\032\004\076\004\075\004\102\004\100\004\076\004\073\004\114\004\075\004\113\004\071\000\040\004\077\004\100\004\070\004\074\004\065\004\100}{}% 21
\BOOKMARK [1][-]{section.8}{\376\377\004\022\004\113\004\062\004\076\004\064\004\113}{}% 22
\BOOKMARK [1][-]{section.9}{\376\377\004\030\004\101\004\102\004\076\004\107\004\075\004\070\004\072\004\070}{}% 23
